{"/Users/Tommy/Sites/vue-tabs/src/components/Tabs.vue": {"path":"/Users/Tommy/Sites/vue-tabs/src/components/Tabs.vue","statementMap":{"0":{"start":{"line":22,"column":0},"end":{"line":null,"column":-1}},"1":{"start":{"line":29,"column":0},"end":{"line":31,"column":0}},"2":{"start":{"line":31,"column":0},"end":{"line":null,"column":-1}},"3":{"start":{"line":35,"column":0},"end":{"line":null,"column":-1}},"4":{"start":{"line":37,"column":0},"end":{"line":null,"column":-1}},"5":{"start":{"line":38,"column":0},"end":{"line":57,"column":0}},"6":{"start":{"line":40,"column":0},"end":{"line":null,"column":-1}},"7":{"start":{"line":42,"column":0},"end":{"line":null,"column":-1}},"8":{"start":{"line":59,"column":0},"end":{"line":null,"column":-1}},"9":{"start":{"line":60,"column":0},"end":{"line":null,"column":-1}},"10":{"start":{"line":70,"column":0},"end":{"line":null,"column":-1}},"11":{"start":{"line":71,"column":0},"end":{"line":72,"column":0}},"12":{"start":{"line":84,"column":0},"end":{"line":null,"column":-1}},"13":{"start":{"line":86,"column":0},"end":{"line":null,"column":-1}},"14":{"start":{"line":89,"column":0},"end":{"line":null,"column":-1}},"15":{"start":{"line":92,"column":0},"end":{"line":null,"column":-1}},"16":{"start":{"line":96,"column":0},"end":{"line":null,"column":-1}},"17":{"start":{"line":99,"column":0},"end":{"line":null,"column":-1}},"18":{"start":{"line":103,"column":0},"end":{"line":null,"column":-1}},"19":{"start":{"line":107,"column":0},"end":{"line":null,"column":-1}},"20":{"start":{"line":110,"column":0},"end":{"line":112,"column":0}},"21":{"start":{"line":116,"column":0},"end":{"line":null,"column":-1}},"22":{"start":{"line":124,"column":0},"end":{"line":null,"column":-1}},"23":{"start":{"line":133,"column":0},"end":{"line":null,"column":-1}},"24":{"start":{"line":134,"column":0},"end":{"line":136,"column":0}},"25":{"start":{"line":135,"column":0},"end":{"line":null,"column":-1}},"26":{"start":{"line":138,"column":0},"end":{"line":null,"column":-1}}},"fnMap":{"0":{"name":"(anonymous_1)","decl":{"start":{"line":29,"column":0},"end":{"line":null,"column":-1}},"loc":{"start":{"line":31,"column":0},"end":{"line":null,"column":-1}}},"1":{"name":"(anonymous_2)","decl":{"start":{"line":38,"column":0},"end":{"line":null,"column":-1}},"loc":{"start":{"line":39,"column":0},"end":{"line":57,"column":0}}},"2":{"name":"(anonymous_3)","decl":{"start":{"line":42,"column":0},"end":{"line":null,"column":-1}},"loc":{"start":{"line":42,"column":0},"end":{"line":null,"column":-1}}},"3":{"name":"(anonymous_12)","decl":{"start":{"line":71,"column":0},"end":{"line":null,"column":-1}},"loc":{"start":{"line":71,"column":0},"end":{"line":72,"column":0}}}},"branchMap":{"0":{"loc":{"start":{"line":29,"column":0},"end":{"line":31,"column":0}},"type":"cond-expr","locations":[{"start":{"line":29,"column":0},"end":{"line":31,"column":0}},{"start":{"line":31,"column":0},"end":{"line":null,"column":-1}}]},"1":{"loc":{"start":{"line":31,"column":0},"end":{"line":null,"column":-1}},"type":"binary-expr","locations":[{"start":{"line":31,"column":0},"end":{"line":null,"column":-1}},{"start":{"line":31,"column":0},"end":{"line":null,"column":-1}}]},"2":{"loc":{"start":{"line":42,"column":0},"end":{"line":null,"column":-1}},"type":"if","locations":[{"start":{"line":42,"column":0},"end":{"line":null,"column":-1}},{"start":{"line":42,"column":0},"end":{"line":null,"column":-1}}]},"3":{"loc":{"start":{"line":92,"column":0},"end":{"line":null,"column":-1}},"type":"cond-expr","locations":[{"start":{"line":92,"column":0},"end":{"line":null,"column":-1}},{"start":{"line":92,"column":0},"end":{"line":null,"column":-1}}]},"4":{"loc":{"start":{"line":99,"column":0},"end":{"line":null,"column":-1}},"type":"cond-expr","locations":[{"start":{"line":99,"column":0},"end":{"line":null,"column":-1}},{"start":{"line":99,"column":0},"end":{"line":null,"column":-1}}]},"5":{"loc":{"start":{"line":118,"column":0},"end":{"line":null,"column":-1}},"type":"cond-expr","locations":[{"start":{"line":118,"column":0},"end":{"line":null,"column":-1}},{"start":{"line":118,"column":0},"end":{"line":null,"column":-1}}]},"6":{"loc":{"start":{"line":119,"column":0},"end":{"line":null,"column":-1}},"type":"cond-expr","locations":[{"start":{"line":119,"column":0},"end":{"line":null,"column":-1}},{"start":{"line":119,"column":0},"end":{"line":null,"column":-1}}]},"7":{"loc":{"start":{"line":134,"column":0},"end":{"line":136,"column":0}},"type":"if","locations":[{"start":{"line":134,"column":0},"end":{"line":136,"column":0}},{"start":{"line":134,"column":0},"end":{"line":136,"column":0}}]}},"s":{"0":2,"1":4,"2":21,"3":0,"4":1,"5":1,"6":4,"7":4,"8":1,"9":1,"10":1,"11":5,"12":0,"13":0,"14":0,"15":0,"16":0,"17":0,"18":0,"19":12,"20":4,"21":4,"22":4,"23":2,"24":2,"25":1,"26":1},"f":{"0":21,"1":4,"2":0,"3":4},"b":{"0":[3,1],"1":[21,12],"2":[0,0],"3":[0,0],"4":[0,0],"5":[1,3],"6":[1,3],"7":[1,1]}}
}
