TN:
SF:/Users/Tommy/Sites/vue-tabs/src/components/Tabs.vue
FN:29,(anonymous_1)
FN:38,(anonymous_2)
FN:42,(anonymous_3)
FN:71,(anonymous_12)
FNF:4
FNH:4
FNDA:774,(anonymous_1)
FNDA:96,(anonymous_2)
FNDA:94,(anonymous_3)
FNDA:96,(anonymous_12)
DA:22,2
DA:29,87
DA:31,774
DA:35,13
DA:37,24
DA:38,24
DA:40,96
DA:42,280
DA:59,24
DA:60,24
DA:70,24
DA:71,120
DA:84,22
DA:86,22
DA:89,22
DA:92,9
DA:94,9
DA:97,9
DA:101,9
DA:105,288
DA:108,96
DA:114,96
DA:122,118
DA:131,25
DA:132,25
DA:133,1
DA:136,24
LF:27
LH:27
BRDA:29,0,0,86
BRDA:29,0,1,1
BRDA:31,1,0,774
BRDA:31,1,1,430
BRDA:42,2,0,144
BRDA:42,2,1,108
BRDA:97,3,0,3
BRDA:97,3,1,6
BRDA:116,4,0,24
BRDA:116,4,1,72
BRDA:117,5,0,24
BRDA:117,5,1,72
BRDA:132,6,0,1
BRDA:132,6,1,24
BRF:14
BRH:14
end_of_record
