TN:
SF:/Users/Tommy/Sites/vue-tabs/src/components/Tabs.vue
FN:29,(anonymous_1)
FN:38,(anonymous_2)
FN:42,(anonymous_3)
FN:71,(anonymous_12)
FNF:4
FNH:3
FNDA:21,(anonymous_1)
FNDA:4,(anonymous_2)
FNDA:0,(anonymous_3)
FNDA:4,(anonymous_12)
DA:22,2
DA:29,4
DA:31,21
DA:35,0
DA:37,1
DA:38,1
DA:40,4
DA:42,4
DA:59,1
DA:60,1
DA:70,1
DA:71,5
DA:84,0
DA:86,0
DA:89,0
DA:92,0
DA:96,0
DA:99,0
DA:103,0
DA:107,12
DA:110,4
DA:116,4
DA:124,4
DA:133,2
DA:134,2
DA:135,1
DA:138,1
LF:27
LH:19
BRDA:29,0,0,3
BRDA:29,0,1,1
BRDA:31,1,0,21
BRDA:31,1,1,12
BRDA:42,2,0,0
BRDA:42,2,1,0
BRDA:92,3,0,0
BRDA:92,3,1,0
BRDA:99,4,0,0
BRDA:99,4,1,0
BRDA:118,5,0,1
BRDA:118,5,1,3
BRDA:119,6,0,1
BRDA:119,6,1,3
BRDA:134,7,0,1
BRDA:134,7,1,1
BRF:16
BRH:10
end_of_record
